0 info it worked if it ends with ok
1 verbose cli [ 'Z:\\Program Files\\nodejs\\\\node.exe',
1 verbose cli   'Z:\\Program Files\\nodejs\\node_modules\\npm\\bin\\npm-cli.js',
1 verbose cli   'publish' ]
2 info using npm@1.4.28
3 info using node@v0.10.35
4 verbose node symlink Z:\Program Files\nodejs\\node.exe
5 verbose publish [ '.' ]
6 verbose cache add [ '.', null ]
7 verbose cache add name=undefined spec="." args=[".",null]
8 verbose parsed url { protocol: null,
8 verbose parsed url   slashes: null,
8 verbose parsed url   auth: null,
8 verbose parsed url   host: null,
8 verbose parsed url   port: null,
8 verbose parsed url   hostname: null,
8 verbose parsed url   hash: null,
8 verbose parsed url   search: null,
8 verbose parsed url   query: null,
8 verbose parsed url   pathname: '.',
8 verbose parsed url   path: '.',
8 verbose parsed url   href: '.' }
9 silly lockFile 3a52ce78- .
10 verbose lock . C:\Users\Caleb\AppData\Roaming\npm-cache\3a52ce78-.lock
11 verbose tar pack [ 'C:\\Users\\Caleb\\AppData\\Roaming\\npm-cache\\censorify\\0.1.1\\package.tgz',
11 verbose tar pack   '.' ]
12 verbose tarball C:\Users\Caleb\AppData\Roaming\npm-cache\censorify\0.1.1\package.tgz
13 verbose folder .
14 info prepublish censorify@0.1.1
15 silly lockFile 1f1177db-tar tar://.
16 verbose lock tar://. C:\Users\Caleb\AppData\Roaming\npm-cache\1f1177db-tar.lock
17 silly lockFile 725868c0-ache-censorify-0-1-1-package-tgz tar://C:\Users\Caleb\AppData\Roaming\npm-cache\censorify\0.1.1\package.tgz
18 verbose lock tar://C:\Users\Caleb\AppData\Roaming\npm-cache\censorify\0.1.1\package.tgz C:\Users\Caleb\AppData\Roaming\npm-cache\725868c0-ache-censorify-0-1-1-package-tgz.lock
19 silly lockFile 1f1177db-tar tar://.
20 silly lockFile 1f1177db-tar tar://.
21 silly lockFile 725868c0-ache-censorify-0-1-1-package-tgz tar://C:\Users\Caleb\AppData\Roaming\npm-cache\censorify\0.1.1\package.tgz
22 silly lockFile 725868c0-ache-censorify-0-1-1-package-tgz tar://C:\Users\Caleb\AppData\Roaming\npm-cache\censorify\0.1.1\package.tgz
23 silly lockFile 4dc65bfc-pm-cache-censorify-0-1-1-package C:\Users\Caleb\AppData\Roaming\npm-cache\censorify\0.1.1\package
24 verbose lock C:\Users\Caleb\AppData\Roaming\npm-cache\censorify\0.1.1\package C:\Users\Caleb\AppData\Roaming\npm-cache\4dc65bfc-pm-cache-censorify-0-1-1-package.lock
25 silly lockFile 4dc65bfc-pm-cache-censorify-0-1-1-package C:\Users\Caleb\AppData\Roaming\npm-cache\censorify\0.1.1\package
26 silly lockFile 4dc65bfc-pm-cache-censorify-0-1-1-package C:\Users\Caleb\AppData\Roaming\npm-cache\censorify\0.1.1\package
27 silly lockFile 3a52ce78- .
28 silly lockFile 3a52ce78- .
29 silly publish { author: { name: 'Caleb Light' },
29 silly publish   name: 'censorify',
29 silly publish   version: '0.1.1',
29 silly publish   description: 'Censors words out of text',
29 silly publish   main: 'censortext',
29 silly publish   repository:
29 silly publish    { type: 'git',
29 silly publish      url: 'https://github.com/clight92/censorify.git' },
29 silly publish   keywords: [ 'censor', 'words' ],
29 silly publish   dependencies: {},
29 silly publish   engines: { node: '*' },
29 silly publish   readme: 'THE INSTRUCTIONS ARE TO NOT CURSE',
29 silly publish   readmeFilename: 'README.md',
29 silly publish   bugs: { url: 'https://github.com/clight92/censorify/issues' },
29 silly publish   homepage: 'https://github.com/clight92/censorify',
29 silly publish   _id: 'censorify@0.1.1',
29 silly publish   scripts: {},
29 silly publish   _shasum: '06ab441292c94d8893ebff7d55739cdffe18abb3',
29 silly publish   _from: '.' }
30 verbose request where is /censorify
31 verbose request registry https://registry.npmjs.org/
32 verbose request id 907c82dd5af35351
33 verbose url raw /censorify
34 verbose url resolving [ 'https://registry.npmjs.org/', './censorify' ]
35 verbose url resolved https://registry.npmjs.org/censorify
36 verbose request where is https://registry.npmjs.org/censorify
37 info trying registry request attempt 1 at 22:30:19
38 http PUT https://registry.npmjs.org/censorify
39 http 403 https://registry.npmjs.org/censorify
40 verbose headers { date: 'Wed, 14 Jan 2015 03:30:15 GMT',
40 verbose headers   server: 'CouchDB/1.5.0 (Erlang OTP/R16B03)',
40 verbose headers   'content-type': 'application/json',
40 verbose headers   'cache-control': 'max-age=60',
40 verbose headers   'content-length': '1906',
40 verbose headers   'accept-ranges': 'bytes',
40 verbose headers   via: '1.1 varnish',
40 verbose headers   'x-served-by': 'cache-dfw1821-DFW',
40 verbose headers   'x-cache': 'MISS',
40 verbose headers   'x-cache-hits': '0',
40 verbose headers   'x-timer': 'S1421206214.895755,VS0,VE239',
40 verbose headers   'keep-alive': 'timeout=10, max=50',
40 verbose headers   connection: 'Keep-Alive' }
41 error publish Failed PUT 403
42 error Error: forbidden cannot modify pre-existing version: 0.1.1
42 error old={"author":{"name":"Brad Dayley"},"name":"censorify","version":"0.1.1","description":"Censors words out of text","main":"censortext","repository":{"type":"git","url":"https://github.com/sisingh/nodebook-ch03-censorify"},"keywords":["censor","words"],"dependencies":{},"engines":{"node":"*"},"bugs":{"url":"https://github.com/sisingh/nodebook-ch03-censorify/issues"},"homepage":"https://github.com/sisingh/nodebook-ch03-censorify","_id":"censorify@0.1.1","dist":{"shasum":"359a8af77858685bf2926c93ec3fb582ae704aa9","tarball":"http://registry.npmjs.org/censorify/-/censorify-0.1.1.tgz"},"_from":".","_npmVersion":"1.3.21","_npmUser":{"name":"sisingh","email":"singh_siddhu@yahoo.com"},"maintainers":[{"name":"sisingh","email":"singh_siddhu@yahoo.com"}]}
42 error new={"author":{"name":"Caleb Light"},"name":"censorify","version":"0.1.1","description":"Censors words out of text","main":"censortext","repository":{"type":"git","url":"https://github.com/clight92/censorify.git"},"keywords":["censor","words"],"dependencies":{},"engines":{"node":"*"},"readme":"THE INSTRUCTIONS ARE TO NOT CURSE","readmeFilename":"README.md","bugs":{"url":"https://github.com/clight92/censorify/issues"},"homepage":"https://github.com/clight92/censorify","_id":"censorify@0.1.1","scripts":{},"_shasum":"06ab441292c94d8893ebff7d55739cdffe18abb3","_from":".","_npmVersion":"1.4.28","_npmUser":{"name":"clight92","email":"caleb.a.light@gmail.com"},"maintainers":[{"name":"clight92","email":"caleb.a.light@gmail.com"}],"dist":{"shasum":"06ab441292c94d8893ebff7d55739cdffe18abb3","tarball":"http://registry.npmjs.org/censorify/-/censorify-0.1.1.tgz"}}: censorify
42 error     at RegClient.<anonymous> (Z:\Program Files\nodejs\node_modules\npm\node_modules\npm-registry-client\lib\request.js:308:14)
42 error     at Request._callback (Z:\Program Files\nodejs\node_modules\npm\node_modules\npm-registry-client\lib\request.js:246:65)
42 error     at Request.self.callback (Z:\Program Files\nodejs\node_modules\npm\node_modules\request\request.js:236:22)
42 error     at Request.emit (events.js:98:17)
42 error     at Request.<anonymous> (Z:\Program Files\nodejs\node_modules\npm\node_modules\request\request.js:1142:14)
42 error     at Request.emit (events.js:117:20)
42 error     at IncomingMessage.<anonymous> (Z:\Program Files\nodejs\node_modules\npm\node_modules\request\request.js:1096:12)
42 error     at IncomingMessage.emit (events.js:117:20)
42 error     at _stream_readable.js:944:16
42 error     at process._tickCallback (node.js:442:13)
43 error If you need help, you may report this *entire* log,
43 error including the npm and node versions, at:
43 error     <http://github.com/npm/npm/issues>
44 error System Windows_NT 6.2.9200
45 error command "Z:\\Program Files\\nodejs\\\\node.exe" "Z:\\Program Files\\nodejs\\node_modules\\npm\\bin\\npm-cli.js" "publish"
46 error cwd Z:\Program Files\nodejs\node_modules\npm\projects\censorify
47 error node -v v0.10.35
48 error npm -v 1.4.28
49 verbose exit [ 1, true ]
